0 verbose cli /usr/local/bin/node /Users/rodrigobueno/.npm-global/bin/npm
1 info using npm@10.5.0
2 info using node@v20.11.1
3 timing npm:load:whichnode Completed in 1ms
4 timing config:load:defaults Completed in 2ms
5 timing config:load:file:/Users/rodrigobueno/.npm-global/lib/node_modules/npm/npmrc Completed in 1ms
6 timing config:load:builtin Completed in 1ms
7 timing config:load:cli Completed in 2ms
8 timing config:load:env Completed in 1ms
9 timing config:load:file:/Users/rodrigobueno/Desktop/www/micro-saas-booking/.npmrc Completed in 0ms
10 timing config:load:project Completed in 1ms
11 timing config:load:file:/Users/rodrigobueno/.npmrc Completed in 2ms
12 timing config:load:user Completed in 3ms
13 timing config:load:file:/Users/rodrigobueno/.npm-global/etc/npmrc Completed in 0ms
14 timing config:load:global Completed in 0ms
15 timing config:load:setEnvs Completed in 1ms
16 timing config:load Completed in 11ms
17 timing npm:load:configload Completed in 11ms
18 timing config:load:flatten Completed in 3ms
19 timing npm:load:mkdirpcache Completed in 1ms
20 timing npm:load:mkdirplogs Completed in 0ms
21 verbose title npm config get registry
22 verbose argv "config" "get" "registry"
23 timing npm:load:setTitle Completed in 27ms
24 timing npm:load:display Completed in 1ms
25 verbose logfile logs-max:10 dir:/Users/rodrigobueno/Desktop/www/micro-saas-booking/C:\Users\Firstname~1\AppData\Roaming\npm-cache/_logs/2024-04-20T09_03_24_762Z-
26 verbose logfile /Users/rodrigobueno/Desktop/www/micro-saas-booking/C:\Users\Firstname~1\AppData\Roaming\npm-cache/_logs/2024-04-20T09_03_24_762Z-debug-0.log
27 timing npm:load:logFile Completed in 12ms
28 timing npm:load:timers Completed in 1ms
29 timing npm:load:configScope Completed in 0ms
30 timing npm:load Completed in 74ms
31 timing command:config Completed in 2ms
32 verbose exit 0
33 timing npm Completed in 156ms
34 info ok
